<?xml version="1.0" encoding="UTF-8"?>
<!-- Generated by org.testng.reporters.JUnitReportReporter -->
<testsuite hostname="Swagatika-HP" name="gmailaccount.testng" tests="2" failures="0" timestamp="18 Mar 2017 00:02:40 GMT" time="0.020" errors="0">
  <testcase name="test1" time="0.006" classname="gmailaccount.testng"/>
  <testcase name="test2" time="0.014" classname="gmailaccount.testng"/>
</testsuite> <!-- gmailaccount.testng -->
