<?xml version="1.0" encoding="UTF-8"?>
<!-- Generated by org.testng.reporters.JUnitReportReporter -->
<testsuite hostname="Swagatika-HP" name="gmailaccount.fileinputstream" tests="1" failures="0" timestamp="21 Mar 2017 06:41:36 GMT" time="35.503" errors="0">
  <testcase name="login" time="35.503" classname="gmailaccount.fileinputstream"/>
</testsuite> <!-- gmailaccount.fileinputstream -->
